[0.009s] Invoking command in '/home/dcbothra2204/ros2_ws/build/nav_robot': CMAKE_PREFIX_PATH=${CMAKE_PREFIX_PATH}:/opt/ros/humble /usr/bin/cmake --build /home/dcbothra2204/ros2_ws/build/nav_robot -- -j8 -l8
[0.028s] -- Found ament_cmake: 1.3.10 (/opt/ros/humble/share/ament_cmake/cmake)
[0.118s] -- Found rclcpp: 16.0.10 (/opt/ros/humble/share/rclcpp/cmake)
[0.138s] -- Found rosidl_generator_c: 3.1.5 (/opt/ros/humble/share/rosidl_generator_c/cmake)
[0.139s] -- Found rosidl_adapter: 3.1.5 (/opt/ros/humble/share/rosidl_adapter/cmake)
[0.143s] -- Found rosidl_generator_cpp: 3.1.5 (/opt/ros/humble/share/rosidl_generator_cpp/cmake)
[0.150s] -- Using all available rosidl_typesupport_c: rosidl_typesupport_fastrtps_c;rosidl_typesupport_introspection_c
[0.159s] -- Using all available rosidl_typesupport_cpp: rosidl_typesupport_fastrtps_cpp;rosidl_typesupport_introspection_cpp
[0.179s] -- Found rmw_implementation_cmake: 6.1.2 (/opt/ros/humble/share/rmw_implementation_cmake/cmake)
[0.180s] -- Found rmw_fastrtps_cpp: 6.2.7 (/opt/ros/humble/share/rmw_fastrtps_cpp/cmake)
[0.255s] -- Using RMW implementation 'rmw_fastrtps_cpp' as default
[0.287s] -- Found nav_msgs: 4.8.0 (/opt/ros/humble/share/nav_msgs/cmake)
[0.306s] -- Found sensor_msgs: 4.2.4 (/opt/ros/humble/share/sensor_msgs/cmake)
[0.317s] -- Found tf2_ros: 0.25.8 (/opt/ros/humble/share/tf2_ros/cmake)
[0.371s] -- Found robot_state_publisher: 3.0.3 (/opt/ros/humble/share/robot_state_publisher/cmake)
[0.374s] -- Found eigen3_cmake_module: 0.1.1 (/opt/ros/humble/share/eigen3_cmake_module/cmake)
[0.374s] -- Ensuring Eigen3 include directory is part of orocos-kdl CMake target
[0.392s] -- Found xacro: 2.0.13 (/opt/ros/humble/share/xacro/cmake)
[0.392s] -- Found nav2_behavior_tree: 1.1.18 (/opt/ros/humble/share/nav2_behavior_tree/cmake)
[0.526s] -- Configuring done
[0.554s] -- Generating done
[0.556s] -- Build files have been written to: /home/dcbothra2204/ros2_ws/build/nav_robot
[0.577s] [35m[1mConsolidate compiler generated dependencies of target battery_sim_node[0m
[0.577s] [35m[1mConsolidate compiler generated dependencies of target bt_nodes[0m
[0.589s] [ 50%] Built target battery_sim_node
[0.589s] [ 75%] [32m[1mLinking CXX shared library libbt_nodes.so[0m
[0.792s] /usr/bin/ld: cannot find -lnav2_behavior_tree: No such file or directory
[0.927s] collect2: error: ld returned 1 exit status
[0.930s] gmake[2]: *** [CMakeFiles/bt_nodes.dir/build.make:398: libbt_nodes.so] Error 1
[0.930s] gmake[1]: *** [CMakeFiles/Makefile2:165: CMakeFiles/bt_nodes.dir/all] Error 2
[0.930s] gmake: *** [Makefile:146: all] Error 2
[0.933s] Invoked command in '/home/dcbothra2204/ros2_ws/build/nav_robot' returned '2': CMAKE_PREFIX_PATH=${CMAKE_PREFIX_PATH}:/opt/ros/humble /usr/bin/cmake --build /home/dcbothra2204/ros2_ws/build/nav_robot -- -j8 -l8
