[0.000000] (-) TimerEvent: {}
[0.000141] (nav_robot) JobQueued: {'identifier': 'nav_robot', 'dependencies': OrderedDict()}
[0.000390] (nav_robot) JobStarted: {'identifier': 'nav_robot'}
[0.008499] (nav_robot) JobProgress: {'identifier': 'nav_robot', 'progress': 'cmake'}
[0.008994] (nav_robot) JobProgress: {'identifier': 'nav_robot', 'progress': 'build'}
[0.009579] (nav_robot) Command: {'cmd': ['/usr/bin/cmake', '--build', '/home/dcbothra2204/ros2_ws/build/nav_robot', '--', '-j8', '-l8'], 'cwd': '/home/dcbothra2204/ros2_ws/build/nav_robot', 'env': OrderedDict([('LESSOPEN', '| /usr/bin/lesspipe %s'), ('LANGUAGE', 'en_IN:en'), ('USER', 'dcbothra2204'), ('XDG_SESSION_TYPE', 'wayland'), ('SHLVL', '1'), ('LD_LIBRARY_PATH', '/home/dcbothra2204/ros2_ws/install/nav_robot/lib:/home/dcbothra2204/arm_manip/install/trac_ik_lib/lib:/usr/lib/x86_64-linux-gnu/gazebo-11/plugins:/opt/ros/humble/opt/rviz_ogre_vendor/lib:/opt/ros/humble/lib/x86_64-linux-gnu:/opt/ros/humble/lib'), ('HOME', '/home/dcbothra2204'), ('DESKTOP_SESSION', 'ubuntu'), ('ROS_PYTHON_VERSION', '3'), ('GNOME_SHELL_SESSION_MODE', 'ubuntu'), ('GTK_MODULES', 'gail:atk-bridge'), ('SYSTEMD_EXEC_PID', '2458'), ('DBUS_SESSION_BUS_ADDRESS', 'unix:path=/run/user/1000/bus'), ('COLORTERM', 'truecolor'), ('IM_CONFIG_PHASE', '1'), ('WAYLAND_DISPLAY', 'wayland-0'), ('COLCON_PREFIX_PATH', '/home/dcbothra2204/ros2_ws/install:/home/dcbothra2204/arm_manip/install'), ('ROS_DISTRO', 'humble'), ('LOGNAME', 'dcbothra2204'), ('_', '/usr/bin/colcon'), ('ROS_VERSION', '2'), ('XDG_SESSION_CLASS', 'user'), ('USERNAME', 'dcbothra2204'), ('TERM', 'xterm-256color'), ('GNOME_DESKTOP_SESSION_ID', 'this-is-deprecated'), ('ROS_LOCALHOST_ONLY', '0'), ('PATH', '/opt/ros/humble/bin:/home/dcbothra2204/.local/bin:/usr/local/sbin:/usr/local/bin:/usr/sbin:/usr/bin:/sbin:/bin:/usr/games:/usr/local/games:/snap/bin:/snap/bin'), ('SESSION_MANAGER', 'local/dcbothra2204-VivoBook-ASUSLaptop-X421EPY-X413EP:@/tmp/.ICE-unix/1618,unix/dcbothra2204-VivoBook-ASUSLaptop-X421EPY-X413EP:/tmp/.ICE-unix/1618'), ('XDG_MENU_PREFIX', 'gnome-'), ('GNOME_TERMINAL_SCREEN', '/org/gnome/Terminal/screen/12240d9a_961b_44b6_919f_51ff2b5b11c8'), ('GNOME_SETUP_DISPLAY', ':1'), ('XDG_RUNTIME_DIR', '/run/user/1000'), ('DISPLAY', ':0'), ('LANG', 'en_US.UTF-8'), ('XDG_CURRENT_DESKTOP', 'ubuntu:GNOME'), ('XMODIFIERS', '@im=ibus'), ('XDG_SESSION_DESKTOP', 'ubuntu'), ('XAUTHORITY', '/run/user/1000/.mutter-Xwaylandauth.AFTT72'), ('LS_COLORS', 'rs=0:di=01;34:ln=01;36:mh=00:pi=40;33:so=01;35:do=01;35:bd=40;33;01:cd=40;33;01:or=40;31;01:mi=00:su=37;41:sg=30;43:ca=30;41:tw=30;42:ow=34;42:st=37;44:ex=01;32:*.tar=01;31:*.tgz=01;31:*.arc=01;31:*.arj=01;31:*.taz=01;31:*.lha=01;31:*.lz4=01;31:*.lzh=01;31:*.lzma=01;31:*.tlz=01;31:*.txz=01;31:*.tzo=01;31:*.t7z=01;31:*.zip=01;31:*.z=01;31:*.dz=01;31:*.gz=01;31:*.lrz=01;31:*.lz=01;31:*.lzo=01;31:*.xz=01;31:*.zst=01;31:*.tzst=01;31:*.bz2=01;31:*.bz=01;31:*.tbz=01;31:*.tbz2=01;31:*.tz=01;31:*.deb=01;31:*.rpm=01;31:*.jar=01;31:*.war=01;31:*.ear=01;31:*.sar=01;31:*.rar=01;31:*.alz=01;31:*.ace=01;31:*.zoo=01;31:*.cpio=01;31:*.7z=01;31:*.rz=01;31:*.cab=01;31:*.wim=01;31:*.swm=01;31:*.dwm=01;31:*.esd=01;31:*.jpg=01;35:*.jpeg=01;35:*.mjpg=01;35:*.mjpeg=01;35:*.gif=01;35:*.bmp=01;35:*.pbm=01;35:*.pgm=01;35:*.ppm=01;35:*.tga=01;35:*.xbm=01;35:*.xpm=01;35:*.tif=01;35:*.tiff=01;35:*.png=01;35:*.svg=01;35:*.svgz=01;35:*.mng=01;35:*.pcx=01;35:*.mov=01;35:*.mpg=01;35:*.mpeg=01;35:*.m2v=01;35:*.mkv=01;35:*.webm=01;35:*.webp=01;35:*.ogm=01;35:*.mp4=01;35:*.m4v=01;35:*.mp4v=01;35:*.vob=01;35:*.qt=01;35:*.nuv=01;35:*.wmv=01;35:*.asf=01;35:*.rm=01;35:*.rmvb=01;35:*.flc=01;35:*.avi=01;35:*.fli=01;35:*.flv=01;35:*.gl=01;35:*.dl=01;35:*.xcf=01;35:*.xwd=01;35:*.yuv=01;35:*.cgm=01;35:*.emf=01;35:*.ogv=01;35:*.ogx=01;35:*.aac=00;36:*.au=00;36:*.flac=00;36:*.m4a=00;36:*.mid=00;36:*.midi=00;36:*.mka=00;36:*.mp3=00;36:*.mpc=00;36:*.ogg=00;36:*.ra=00;36:*.wav=00;36:*.oga=00;36:*.opus=00;36:*.spx=00;36:*.xspf=00;36:'), ('GNOME_TERMINAL_SERVICE', ':1.104'), ('SSH_AGENT_LAUNCHER', 'gnome-keyring'), ('SSH_AUTH_SOCK', '/run/user/1000/keyring/ssh'), ('AMENT_PREFIX_PATH', '/home/dcbothra2204/ros2_ws/install/nav_robot:/home/dcbothra2204/arm_manip/install/ur_simulation:/home/dcbothra2204/arm_manip/install/ur_moveit_config:/home/dcbothra2204/arm_manip/install/ur_description:/home/dcbothra2204/arm_manip/install/ur_control:/home/dcbothra2204/arm_manip/install/trac_ik:/home/dcbothra2204/arm_manip/install/trac_ik_examples:/home/dcbothra2204/arm_manip/install/trac_ik_lib:/opt/ros/humble'), ('SHELL', '/bin/bash'), ('QT_ACCESSIBILITY', '1'), ('GDMSESSION', 'ubuntu'), ('LESSCLOSE', '/usr/bin/lesspipe %s %s'), ('QT_IM_MODULE', 'ibus'), ('PWD', '/home/dcbothra2204/ros2_ws/build/nav_robot'), ('LC_ALL', 'en_US.UTF-8'), ('XDG_CONFIG_DIRS', '/etc/xdg/xdg-ubuntu:/etc/xdg'), ('XDG_DATA_DIRS', '/usr/share/ubuntu:/usr/local/share/:/usr/share/:/var/lib/snapd/desktop'), ('PYTHONPATH', '/opt/ros/humble/lib/python3.10/site-packages:/opt/ros/humble/local/lib/python3.10/dist-packages'), ('COLCON', '1'), ('VTE_VERSION', '6800'), ('CMAKE_PREFIX_PATH', '/home/dcbothra2204/ros2_ws/install/nav_robot:/home/dcbothra2204/arm_manip/install/ur_simulation:/home/dcbothra2204/arm_manip/install/ur_moveit_config:/home/dcbothra2204/arm_manip/install/ur_description:/home/dcbothra2204/arm_manip/install/ur_control:/home/dcbothra2204/arm_manip/install/trac_ik:/home/dcbothra2204/arm_manip/install/trac_ik_examples:/home/dcbothra2204/arm_manip/install/trac_ik_lib:/opt/ros/humble')]), 'shell': False}
[0.054052] (nav_robot) StdoutLine: {'line': b'-- Found ament_cmake: 1.3.10 (/opt/ros/humble/share/ament_cmake/cmake)\n'}
[0.099930] (-) TimerEvent: {}
[0.163472] (nav_robot) StdoutLine: {'line': b'-- Found rclcpp: 16.0.10 (/opt/ros/humble/share/rclcpp/cmake)\n'}
[0.191357] (nav_robot) StdoutLine: {'line': b'-- Found rosidl_generator_c: 3.1.5 (/opt/ros/humble/share/rosidl_generator_c/cmake)\n'}
[0.193919] (nav_robot) StdoutLine: {'line': b'-- Found rosidl_adapter: 3.1.5 (/opt/ros/humble/share/rosidl_adapter/cmake)\n'}
[0.199460] (nav_robot) StdoutLine: {'line': b'-- Found rosidl_generator_cpp: 3.1.5 (/opt/ros/humble/share/rosidl_generator_cpp/cmake)\n'}
[0.200001] (-) TimerEvent: {}
[0.208783] (nav_robot) StdoutLine: {'line': b'-- Using all available rosidl_typesupport_c: rosidl_typesupport_fastrtps_c;rosidl_typesupport_introspection_c\n'}
[0.220790] (nav_robot) StdoutLine: {'line': b'-- Using all available rosidl_typesupport_cpp: rosidl_typesupport_fastrtps_cpp;rosidl_typesupport_introspection_cpp\n'}
[0.252581] (nav_robot) StdoutLine: {'line': b'-- Found rmw_implementation_cmake: 6.1.2 (/opt/ros/humble/share/rmw_implementation_cmake/cmake)\n'}
[0.254573] (nav_robot) StdoutLine: {'line': b'-- Found rmw_fastrtps_cpp: 6.2.7 (/opt/ros/humble/share/rmw_fastrtps_cpp/cmake)\n'}
[0.300121] (-) TimerEvent: {}
[0.339995] (nav_robot) StdoutLine: {'line': b"-- Using RMW implementation 'rmw_fastrtps_cpp' as default\n"}
[0.383972] (nav_robot) StdoutLine: {'line': b'-- Found nav_msgs: 4.8.0 (/opt/ros/humble/share/nav_msgs/cmake)\n'}
[0.400295] (-) TimerEvent: {}
[0.410365] (nav_robot) StdoutLine: {'line': b'-- Found sensor_msgs: 4.2.4 (/opt/ros/humble/share/sensor_msgs/cmake)\n'}
[0.424931] (nav_robot) StdoutLine: {'line': b'-- Found tf2_ros: 0.25.8 (/opt/ros/humble/share/tf2_ros/cmake)\n'}
[0.500392] (-) TimerEvent: {}
[0.502707] (nav_robot) StdoutLine: {'line': b'-- Found robot_state_publisher: 3.0.3 (/opt/ros/humble/share/robot_state_publisher/cmake)\n'}
[0.508624] (nav_robot) StdoutLine: {'line': b'-- Found eigen3_cmake_module: 0.1.1 (/opt/ros/humble/share/eigen3_cmake_module/cmake)\n'}
[0.510004] (nav_robot) StdoutLine: {'line': b'-- Ensuring Eigen3 include directory is part of orocos-kdl CMake target\n'}
[0.533444] (nav_robot) StdoutLine: {'line': b'-- Found xacro: 2.0.13 (/opt/ros/humble/share/xacro/cmake)\n'}
[0.534510] (nav_robot) StdoutLine: {'line': b'-- Found nav2_behavior_tree: 1.1.18 (/opt/ros/humble/share/nav2_behavior_tree/cmake)\n'}
[0.600518] (-) TimerEvent: {}
[0.626396] (nav_robot) StdoutLine: {'line': b'-- Found ament_lint_auto: 0.12.12 (/opt/ros/humble/share/ament_lint_auto/cmake)\n'}
[0.700706] (-) TimerEvent: {}
[0.710576] (nav_robot) StdoutLine: {'line': b"-- Added test 'cppcheck' to perform static code analysis on C / C++ code\n"}
[0.710707] (nav_robot) StdoutLine: {'line': b'-- Configured cppcheck include dirs: \n'}
[0.710752] (nav_robot) StdoutLine: {'line': b'-- Configured cppcheck exclude dirs and/or files: \n'}
[0.711502] (nav_robot) StdoutLine: {'line': b"-- Added test 'flake8' to check Python code syntax and style conventions\n"}
[0.712533] (nav_robot) StdoutLine: {'line': b"-- Added test 'lint_cmake' to check CMake code style\n"}
[0.713417] (nav_robot) StdoutLine: {'line': b"-- Added test 'pep257' to check Python code against some of the docstring style conventions in PEP 257\n"}
[0.714694] (nav_robot) StdoutLine: {'line': b"-- Added test 'uncrustify' to check C / C++ code style\n"}
[0.714788] (nav_robot) StdoutLine: {'line': b'-- Configured uncrustify additional arguments: \n'}
[0.715457] (nav_robot) StdoutLine: {'line': b"-- Added test 'xmllint' to check XML markup files\n"}
[0.718274] (nav_robot) StdoutLine: {'line': b'-- Configuring done\n'}
[0.755786] (nav_robot) StdoutLine: {'line': b'-- Generating done\n'}
[0.758019] (nav_robot) StdoutLine: {'line': b'-- Build files have been written to: /home/dcbothra2204/ros2_ws/build/nav_robot\n'}
[0.780129] (nav_robot) StdoutLine: {'line': b'\x1b[35m\x1b[1mConsolidate compiler generated dependencies of target battery_sim_node\x1b[0m\n'}
[0.780276] (nav_robot) StdoutLine: {'line': b'\x1b[35m\x1b[1mConsolidate compiler generated dependencies of target bt_nodes\x1b[0m\n'}
[0.800805] (-) TimerEvent: {}
[0.803940] (nav_robot) StdoutLine: {'line': b'[ 50%] \x1b[32mBuilding CXX object CMakeFiles/bt_nodes.dir/behaviour_tree/bt_nodes.cpp.o\x1b[0m\n'}
[0.804051] (nav_robot) StdoutLine: {'line': b'[ 75%] Built target battery_sim_node\n'}
[0.900897] (-) TimerEvent: {}
[1.001248] (-) TimerEvent: {}
[1.101508] (-) TimerEvent: {}
[1.201818] (-) TimerEvent: {}
[1.302166] (-) TimerEvent: {}
[1.402517] (-) TimerEvent: {}
[1.502904] (-) TimerEvent: {}
[1.603250] (-) TimerEvent: {}
[1.703606] (-) TimerEvent: {}
[1.803988] (-) TimerEvent: {}
[1.904337] (-) TimerEvent: {}
[2.004684] (-) TimerEvent: {}
[2.105092] (-) TimerEvent: {}
[2.205466] (-) TimerEvent: {}
[2.305778] (-) TimerEvent: {}
[2.406188] (-) TimerEvent: {}
[2.506577] (-) TimerEvent: {}
[2.606983] (-) TimerEvent: {}
[2.707357] (-) TimerEvent: {}
[2.807734] (-) TimerEvent: {}
[2.908103] (-) TimerEvent: {}
[3.008478] (-) TimerEvent: {}
[3.108773] (-) TimerEvent: {}
[3.209074] (-) TimerEvent: {}
[3.309452] (-) TimerEvent: {}
[3.409742] (-) TimerEvent: {}
[3.510038] (-) TimerEvent: {}
[3.610320] (-) TimerEvent: {}
[3.710612] (-) TimerEvent: {}
[3.810877] (-) TimerEvent: {}
[3.911163] (-) TimerEvent: {}
[4.011457] (-) TimerEvent: {}
[4.111737] (-) TimerEvent: {}
[4.212000] (-) TimerEvent: {}
[4.312290] (-) TimerEvent: {}
[4.412566] (-) TimerEvent: {}
[4.512880] (-) TimerEvent: {}
[4.613185] (-) TimerEvent: {}
[4.713474] (-) TimerEvent: {}
[4.813768] (-) TimerEvent: {}
[4.914061] (-) TimerEvent: {}
[5.007807] (nav_robot) StderrLine: {'line': b'In file included from \x1b[01m\x1b[K/home/dcbothra2204/ros2_ws/src/nav_robot/behaviour_tree/bt_nodes.cpp:1\x1b[m\x1b[K:\n'}
[5.008058] (nav_robot) StderrLine: {'line': b'\x1b[01m\x1b[K/opt/ros/humble/include/behaviortree_cpp_v3/bt_factory.h:113:21:\x1b[m\x1b[K \x1b[01;35m\x1b[Kwarning: \x1b[m\x1b[K\xe2\x80\x98\x1b[01m\x1b[Kvoid BT_RegisterNodesFromPlugin(BT::BehaviorTreeFactory&)\x1b[m\x1b[K\xe2\x80\x99 defined but not used [\x1b[01;35m\x1b[K\x1b]8;;https://gcc.gnu.org/onlinedocs/gcc/Warning-Options.html#index-Wunused-function\x07-Wunused-function\x1b]8;;\x07\x1b[m\x1b[K]\n'}
[5.008145] (nav_robot) StderrLine: {'line': b'  113 |   BTCPP_EXPORT void \x1b[01;35m\x1b[KBT_RegisterNodesFromPlugin\x1b[m\x1b[K(BT::BehaviorTreeFactory& factory)\n'}
[5.008212] (nav_robot) StderrLine: {'line': b'      |                     \x1b[01;35m\x1b[K^~~~~~~~~~~~~~~~~~~~~~~~~~\x1b[m\x1b[K\n'}
[5.008275] (nav_robot) StderrLine: {'line': b'\x1b[01m\x1b[K/home/dcbothra2204/ros2_ws/src/nav_robot/behaviour_tree/bt_nodes.cpp:249:1:\x1b[m\x1b[K \x1b[01;36m\x1b[Knote: \x1b[m\x1b[Kin expansion of macro \xe2\x80\x98\x1b[01m\x1b[KBT_REGISTER_NODES\x1b[m\x1b[K\xe2\x80\x99\n'}
[5.008346] (nav_robot) StderrLine: {'line': b'  249 | \x1b[01;36m\x1b[KBT_REGISTER_NODES\x1b[m\x1b[K(factory)\n'}
[5.008409] (nav_robot) StderrLine: {'line': b'      | \x1b[01;36m\x1b[K^~~~~~~~~~~~~~~~~\x1b[m\x1b[K\n'}
[5.014187] (-) TimerEvent: {}
[5.114508] (-) TimerEvent: {}
[5.214806] (-) TimerEvent: {}
[5.315137] (-) TimerEvent: {}
[5.415426] (-) TimerEvent: {}
[5.515820] (-) TimerEvent: {}
[5.616171] (-) TimerEvent: {}
[5.716460] (-) TimerEvent: {}
[5.816754] (-) TimerEvent: {}
[5.917104] (-) TimerEvent: {}
[6.017447] (-) TimerEvent: {}
[6.117807] (-) TimerEvent: {}
[6.218168] (-) TimerEvent: {}
[6.318552] (-) TimerEvent: {}
[6.418984] (-) TimerEvent: {}
[6.519331] (-) TimerEvent: {}
[6.619687] (-) TimerEvent: {}
[6.720036] (-) TimerEvent: {}
[6.820400] (-) TimerEvent: {}
[6.920776] (-) TimerEvent: {}
[7.021055] (-) TimerEvent: {}
[7.121408] (-) TimerEvent: {}
[7.221761] (-) TimerEvent: {}
[7.322105] (-) TimerEvent: {}
[7.422469] (-) TimerEvent: {}
[7.522744] (-) TimerEvent: {}
[7.623090] (-) TimerEvent: {}
[7.723439] (-) TimerEvent: {}
[7.823821] (-) TimerEvent: {}
[7.924115] (-) TimerEvent: {}
[7.964399] (nav_robot) StdoutLine: {'line': b'[100%] \x1b[32m\x1b[1mLinking CXX shared library libbt_nodes.so\x1b[0m\n'}
[8.024320] (-) TimerEvent: {}
[8.124704] (-) TimerEvent: {}
[8.176491] (nav_robot) StderrLine: {'line': b'/usr/bin/ld: cannot find -lnav2_behavior_tree: No such file or directory\n'}
[8.224907] (-) TimerEvent: {}
[8.323579] (nav_robot) StderrLine: {'line': b'collect2: error: ld returned 1 exit status\n'}
[8.325007] (nav_robot) StderrLine: {'line': b'gmake[2]: *** [CMakeFiles/bt_nodes.dir/build.make:398: libbt_nodes.so] Error 1\n'}
[8.325115] (-) TimerEvent: {}
[8.325208] (nav_robot) StderrLine: {'line': b'gmake[1]: *** [CMakeFiles/Makefile2:165: CMakeFiles/bt_nodes.dir/all] Error 2\n'}
[8.325353] (nav_robot) StderrLine: {'line': b'gmake: *** [Makefile:146: all] Error 2\n'}
[8.327139] (nav_robot) CommandEnded: {'returncode': 2}
[8.359120] (nav_robot) JobEnded: {'identifier': 'nav_robot', 'rc': 2}
[8.369699] (-) EventReactorShutdown: {}
