In file included from [01m[K/home/dcbothra2204/ros2_ws/src/nav_robot/behaviour_tree/bt_nodes.cpp:1[m[K:
[01m[K/opt/ros/humble/include/behaviortree_cpp_v3/bt_factory.h:113:21:[m[K [01;35m[Kwarning: [m[Kâ€˜[01m[Kvoid BT_RegisterNodesFromPlugin(BT::BehaviorTreeFactory&)[m[Kâ€™ defined but not used [[01;35m[K]8;;https://gcc.gnu.org/onlinedocs/gcc/Warning-Options.html#index-Wunused-function-Wunused-function]8;;[m[K]
  113 |   BTCPP_EXPORT void [01;35m[KBT_RegisterNodesFromPlugin[m[K(BT::BehaviorTreeFactory& factory)
      |                     [01;35m[K^~~~~~~~~~~~~~~~~~~~~~~~~~[m[K
[01m[K/home/dcbothra2204/ros2_ws/src/nav_robot/behaviour_tree/bt_nodes.cpp:249:1:[m[K [01;36m[Knote: [m[Kin expansion of macro â€˜[01m[KBT_REGISTER_NODES[m[Kâ€™
  249 | [01;36m[KBT_REGISTER_NODES[m[K(factory)
      | [01;36m[K^~~~~~~~~~~~~~~~~[m[K
/usr/bin/ld: cannot find -lnav2_behavior_tree: No such file or directory
collect2: error: ld returned 1 exit status
gmake[2]: *** [CMakeFiles/bt_nodes.dir/build.make:398: libbt_nodes.so] Error 1
gmake[1]: *** [CMakeFiles/Makefile2:165: CMakeFiles/bt_nodes.dir/all] Error 2
gmake: *** [Makefile:146: all] Error 2
