-- Found ament_cmake: 1.3.10 (/opt/ros/humble/share/ament_cmake/cmake)
-- Found rclcpp: 16.0.10 (/opt/ros/humble/share/rclcpp/cmake)
-- Found rosidl_generator_c: 3.1.5 (/opt/ros/humble/share/rosidl_generator_c/cmake)
-- Found rosidl_adapter: 3.1.5 (/opt/ros/humble/share/rosidl_adapter/cmake)
-- Found rosidl_generator_cpp: 3.1.5 (/opt/ros/humble/share/rosidl_generator_cpp/cmake)
-- Using all available rosidl_typesupport_c: rosidl_typesupport_fastrtps_c;rosidl_typesupport_introspection_c
-- Using all available rosidl_typesupport_cpp: rosidl_typesupport_fastrtps_cpp;rosidl_typesupport_introspection_cpp
-- Found rmw_implementation_cmake: 6.1.2 (/opt/ros/humble/share/rmw_implementation_cmake/cmake)
-- Found rmw_fastrtps_cpp: 6.2.7 (/opt/ros/humble/share/rmw_fastrtps_cpp/cmake)
-- Using RMW implementation 'rmw_fastrtps_cpp' as default
-- Found nav_msgs: 4.8.0 (/opt/ros/humble/share/nav_msgs/cmake)
-- Found sensor_msgs: 4.2.4 (/opt/ros/humble/share/sensor_msgs/cmake)
-- Found tf2_ros: 0.25.8 (/opt/ros/humble/share/tf2_ros/cmake)
-- Found robot_state_publisher: 3.0.3 (/opt/ros/humble/share/robot_state_publisher/cmake)
-- Found eigen3_cmake_module: 0.1.1 (/opt/ros/humble/share/eigen3_cmake_module/cmake)
-- Ensuring Eigen3 include directory is part of orocos-kdl CMake target
-- Found xacro: 2.0.13 (/opt/ros/humble/share/xacro/cmake)
-- Found nav2_behavior_tree: 1.1.18 (/opt/ros/humble/share/nav2_behavior_tree/cmake)
-- Found ament_lint_auto: 0.12.12 (/opt/ros/humble/share/ament_lint_auto/cmake)
-- Added test 'cppcheck' to perform static code analysis on C / C++ code
-- Configured cppcheck include dirs: 
-- Configured cppcheck exclude dirs and/or files: 
-- Added test 'flake8' to check Python code syntax and style conventions
-- Added test 'lint_cmake' to check CMake code style
-- Added test 'pep257' to check Python code against some of the docstring style conventions in PEP 257
-- Added test 'uncrustify' to check C / C++ code style
-- Configured uncrustify additional arguments: 
-- Added test 'xmllint' to check XML markup files
-- Configuring done
-- Generating done
-- Build files have been written to: /home/dcbothra2204/ros2_ws/build/nav_robot
[35m[1mConsolidate compiler generated dependencies of target battery_sim_node[0m
[35m[1mConsolidate compiler generated dependencies of target bt_nodes[0m
[ 50%] [32mBuilding CXX object CMakeFiles/bt_nodes.dir/behaviour_tree/bt_nodes.cpp.o[0m
[ 75%] Built target battery_sim_node
In file included from [01m[K/home/dcbothra2204/ros2_ws/src/nav_robot/behaviour_tree/bt_nodes.cpp:1[m[K:
[01m[K/opt/ros/humble/include/behaviortree_cpp_v3/bt_factory.h:113:21:[m[K [01;35m[Kwarning: [m[Kâ€˜[01m[Kvoid BT_RegisterNodesFromPlugin(BT::BehaviorTreeFactory&)[m[Kâ€™ defined but not used [[01;35m[K]8;;https://gcc.gnu.org/onlinedocs/gcc/Warning-Options.html#index-Wunused-function-Wunused-function]8;;[m[K]
  113 |   BTCPP_EXPORT void [01;35m[KBT_RegisterNodesFromPlugin[m[K(BT::BehaviorTreeFactory& factory)
      |                     [01;35m[K^~~~~~~~~~~~~~~~~~~~~~~~~~[m[K
[01m[K/home/dcbothra2204/ros2_ws/src/nav_robot/behaviour_tree/bt_nodes.cpp:249:1:[m[K [01;36m[Knote: [m[Kin expansion of macro â€˜[01m[KBT_REGISTER_NODES[m[Kâ€™
  249 | [01;36m[KBT_REGISTER_NODES[m[K(factory)
      | [01;36m[K^~~~~~~~~~~~~~~~~[m[K
[100%] [32m[1mLinking CXX shared library libbt_nodes.so[0m
/usr/bin/ld: cannot find -lnav2_behavior_tree: No such file or directory
collect2: error: ld returned 1 exit status
gmake[2]: *** [CMakeFiles/bt_nodes.dir/build.make:398: libbt_nodes.so] Error 1
gmake[1]: *** [CMakeFiles/Makefile2:165: CMakeFiles/bt_nodes.dir/all] Error 2
gmake: *** [Makefile:146: all] Error 2
