[0.009s] Invoking command in '/home/dcbothra2204/ros2_ws/build/nav_robot': CMAKE_PREFIX_PATH=${CMAKE_PREFIX_PATH}:/opt/ros/humble /usr/bin/cmake --build /home/dcbothra2204/ros2_ws/build/nav_robot -- -j8 -l8
[0.039s] [35m[1mConsolidate compiler generated dependencies of target bt_plugin_node[0m
[0.039s] [35m[1mConsolidate compiler generated dependencies of target battery_sim_node[0m
[0.052s] [ 50%] [32mBuilding CXX object CMakeFiles/bt_plugin_node.dir/behaviour_tree/bt_nodes.cpp.o[0m
[0.052s] [ 75%] Built target battery_sim_node
[1.993s] [01m[K/home/dcbothra2204/ros2_ws/src/nav_robot/behaviour_tree/bt_nodes.cpp:77:18:[m[K [01;31m[Kerror: [m[Kvirtual function â€˜[01m[Kvirtual BT::NodeStatus GetNextGoal::tick()[m[Kâ€™ overriding final function
[1.994s]    77 |   BT::NodeStatus [01;31m[Ktick[m[K() override
[1.994s]       |                  [01;31m[K^~~~[m[K
[1.994s] In file included from [01m[K/opt/ros/humble/include/behaviortree_cpp_v3/behavior_tree.h:28[m[K,
[1.994s]                  from [01m[K/opt/ros/humble/include/behaviortree_cpp_v3/bt_factory.h:25[m[K,
[1.994s]                  from [01m[K/home/dcbothra2204/ros2_ws/src/nav_robot/behaviour_tree/bt_nodes.cpp:1[m[K:
[1.994s] [01m[K/opt/ros/humble/include/behaviortree_cpp_v3/action_node.h:161:14:[m[K [01;36m[Knote: [m[Koverridden function is â€˜[01m[Kvirtual BT::NodeStatus BT::StatefulActionNode::tick()[m[Kâ€™
[1.994s]   161 |   NodeStatus [01;36m[Ktick[m[K() override final;
[1.994s]       |              [01;36m[K^~~~[m[K
[2.000s] [01m[K/home/dcbothra2204/ros2_ws/src/nav_robot/behaviour_tree/bt_nodes.cpp:[m[K In member function â€˜[01m[Kvirtual BT::NodeStatus GetNextGoal::tick()[m[Kâ€™:
[2.001s] [01m[K/home/dcbothra2204/ros2_ws/src/nav_robot/behaviour_tree/bt_nodes.cpp:80:5:[m[K [01;31m[Kerror: [m[Kâ€˜[01m[Kblackboard[m[Kâ€™ was not declared in this scope
[2.001s]    80 |     [01;31m[Kblackboard[m[K()->get("charging_mode", charging);
[2.001s]       |     [01;31m[K^~~~~~~~~~[m[K
[2.008s] [01m[K/home/dcbothra2204/ros2_ws/src/nav_robot/behaviour_tree/bt_nodes.cpp:[m[K In member function â€˜[01m[Kvoid GetNextGoal::declareAndLoadPoses()[m[Kâ€™:
[2.008s] [01m[K/home/dcbothra2204/ros2_ws/src/nav_robot/behaviour_tree/bt_nodes.cpp:127:7:[m[K [01;31m[Kerror: [m[Kâ€˜[01m[Kblackboard[m[Kâ€™ was not declared in this scope
[2.008s]   127 |       [01;31m[Kblackboard[m[K()->set("charging_station", charging_pose_);
[2.008s]       |       [01;31m[K^~~~~~~~~~[m[K
[2.051s] [01m[K/home/dcbothra2204/ros2_ws/src/nav_robot/behaviour_tree/bt_nodes.cpp:[m[K In member function â€˜[01m[Kvirtual BT::NodeStatus CheckBatteryLevel::tick()[m[Kâ€™:
[2.051s] [01m[K/home/dcbothra2204/ros2_ws/src/nav_robot/behaviour_tree/bt_nodes.cpp:187:5:[m[K [01;31m[Kerror: [m[Kâ€˜[01m[Kblackboard[m[Kâ€™ was not declared in this scope
[2.051s]   187 |     [01;31m[Kblackboard[m[K()->set("charging_mode", low);
[2.051s]       |     [01;31m[K^~~~~~~~~~[m[K
[2.052s] [01m[K/home/dcbothra2204/ros2_ws/src/nav_robot/behaviour_tree/bt_nodes.cpp:[m[K At global scope:
[2.052s] [01m[K/home/dcbothra2204/ros2_ws/src/nav_robot/behaviour_tree/bt_nodes.cpp:231:18:[m[K [01;31m[Kerror: [m[Kvirtual function â€˜[01m[Kvirtual BT::NodeStatus ResumeLastTask::tick()[m[Kâ€™ overriding final function
[2.052s]   231 |   BT::NodeStatus [01;31m[Ktick[m[K() override
[2.052s]       |                  [01;31m[K^~~~[m[K
[2.052s] In file included from [01m[K/opt/ros/humble/include/behaviortree_cpp_v3/behavior_tree.h:28[m[K,
[2.052s]                  from [01m[K/opt/ros/humble/include/behaviortree_cpp_v3/bt_factory.h:25[m[K,
[2.052s]                  from [01m[K/home/dcbothra2204/ros2_ws/src/nav_robot/behaviour_tree/bt_nodes.cpp:1[m[K:
[2.052s] [01m[K/opt/ros/humble/include/behaviortree_cpp_v3/action_node.h:161:14:[m[K [01;36m[Knote: [m[Koverridden function is â€˜[01m[Kvirtual BT::NodeStatus BT::StatefulActionNode::tick()[m[Kâ€™
[2.052s]   161 |   NodeStatus [01;36m[Ktick[m[K() override final;
[2.052s]       |              [01;36m[K^~~~[m[K
[2.057s] [01m[K/home/dcbothra2204/ros2_ws/src/nav_robot/behaviour_tree/bt_nodes.cpp:[m[K In member function â€˜[01m[Kvirtual BT::NodeStatus ResumeLastTask::tick()[m[Kâ€™:
[2.058s] [01m[K/home/dcbothra2204/ros2_ws/src/nav_robot/behaviour_tree/bt_nodes.cpp:233:5:[m[K [01;31m[Kerror: [m[Kâ€˜[01m[Kblackboard[m[Kâ€™ was not declared in this scope
[2.058s]   233 |     [01;31m[Kblackboard[m[K()->set("charging_mode", false);
[2.058s]       |     [01;31m[K^~~~~~~~~~[m[K
[2.161s] In file included from [01m[K/home/dcbothra2204/ros2_ws/src/nav_robot/behaviour_tree/bt_nodes.cpp:1[m[K:
[2.161s] /opt/ros/humble/include/behaviortree_cpp_v3/bt_factory.h: In instantiation of â€˜[01m[Kvoid BT::BehaviorTreeFactory::registerNodeType(const string&) [with T = GetNextGoal; std::string = std::__cxx11::basic_string<char>][m[Kâ€™:
[2.161s] [01m[K/home/dcbothra2204/ros2_ws/src/nav_robot/behaviour_tree/bt_nodes.cpp:242:40:[m[K   required from here
[2.161s] [01m[K/opt/ros/humble/include/behaviortree_cpp_v3/bt_factory.h:374:19:[m[K [01;31m[Kerror: [m[Kstatic assertion failed: [registerNode]: Some methods are pure virtual. Did you override the methods tick() and halt()?
[2.161s]   374 |     static_assert([01;31m[K!std::is_abstract<T>::value[m[K, "[registerNode]: Some methods are pure "
[2.161s]       |                   [01;31m[K^~~~~~~~~~~~~~~~~~~~~~~~~~~[m[K
[2.162s] [01m[K/opt/ros/humble/include/behaviortree_cpp_v3/bt_factory.h:374:19:[m[K [01;36m[Knote: [m[Kâ€˜[01m[K!(bool)std::integral_constant<bool, true>::value[m[Kâ€™ evaluates to false
[2.162s] [01m[K/opt/ros/humble/include/behaviortree_cpp_v3/bt_factory.h:385:41:[m[K [01;31m[Kerror: [m[Kstatic assertion failed: [registerNode]: the registered class must have at least one of these two constructors:   (const std::string&, const NodeConfiguration&) or (const std::string&).
[2.162s] Check also if the constructor is public!
[2.162s]   385 |     static_assert([01;31m[Kdefault_constructable || param_constructable[m[K, "[registerNode]: the "
[2.162s]       |                   [01;31m[K~~~~~~~~~~~~~~~~~~~~~~^~~~~~~~~~~~~~~~~~~~~~[m[K
[2.162s] [01m[K/opt/ros/humble/include/behaviortree_cpp_v3/bt_factory.h:385:41:[m[K [01;36m[Knote: [m[Kâ€˜[01m[K(((bool)default_constructable) || ((bool)param_constructable))[m[Kâ€™ evaluates to false
[2.162s] [01m[K/opt/ros/humble/include/behaviortree_cpp_v3/bt_factory.h:407:19:[m[K [01;31m[Kerror: [m[Kstatic assertion failed: [registerNode]: since you have a static method providedPorts(), you MUST add a constructor sign signature (const std::string&, const NodeParameters&)
[2.162s] 
[2.162s]   407 |     static_assert([01;31m[K!(has_static_ports_list && !param_constructable)[m[K, "[registerNode]: "
[2.162s]       |                   [01;31m[K^~~~~~~~~~~~~~~~~~~~~~~~~~~~~~~~~~~~~~~~~~~~~~~~[m[K
[2.162s] [01m[K/opt/ros/humble/include/behaviortree_cpp_v3/bt_factory.h:407:19:[m[K [01;36m[Knote: [m[Kâ€˜[01m[K((!(bool)has_static_ports_list) || ((bool)param_constructable))[m[Kâ€™ evaluates to false
[2.162s] [01m[K/opt/ros/humble/include/behaviortree_cpp_v3/bt_factory.h:418:60:[m[K [01;31m[Kerror: [m[Kno matching function for call to â€˜[01m[KCreateBuilder<GetNextGoal>()[m[Kâ€™
[2.162s]   418 |     registerBuilder(CreateManifest<T>(ID), [01;31m[KCreateBuilder<T>()[m[K);
[2.162s]       |                                            [01;31m[K~~~~~~~~~~~~~~~~^~[m[K
[2.162s] In file included from [01m[K/home/dcbothra2204/ros2_ws/src/nav_robot/behaviour_tree/bt_nodes.cpp:1[m[K:
[2.162s] [01m[K/opt/ros/humble/include/behaviortree_cpp_v3/bt_factory.h:43:1:[m[K [01;36m[Knote: [m[Kcandidate: â€˜[01m[Ktemplate<class T> BT::NodeBuilder BT::CreateBuilder(typename std::enable_if<(std::is_constructible<T, const std::__cxx11::basic_string<char, std::char_traits<char>, std::allocator<char> >&>::value && std::is_constructible<T, const std::__cxx11::basic_string<char, std::char_traits<char>, std::allocator<char> >&, const BT::NodeConfiguration&>::value)>::type*)[m[Kâ€™
[2.162s]    43 | [01;36m[KCreateBuilder[m[K(typename std::enable_if<has_default_constructor<T>::value &&
[2.163s]       | [01;36m[K^~~~~~~~~~~~~[m[K
[2.163s] [01m[K/opt/ros/humble/include/behaviortree_cpp_v3/bt_factory.h:43:1:[m[K [01;36m[Knote: [m[K  template argument deduction/substitution failed:
[2.163s] /opt/ros/humble/include/behaviortree_cpp_v3/bt_factory.h: In substitution of â€˜[01m[Ktemplate<class T> BT::NodeBuilder BT::CreateBuilder(typename std::enable_if<(std::is_constructible<T, const std::__cxx11::basic_string<char, std::char_traits<char>, std::allocator<char> >&>::value && std::is_constructible<T, const std::__cxx11::basic_string<char, std::char_traits<char>, std::allocator<char> >&, const BT::NodeConfiguration&>::value)>::type*) [with T = GetNextGoal][m[Kâ€™:
[2.163s] [01m[K/opt/ros/humble/include/behaviortree_cpp_v3/bt_factory.h:418:60:[m[K   required from â€˜[01m[Kvoid BT::BehaviorTreeFactory::registerNodeType(const string&) [with T = GetNextGoal; std::string = std::__cxx11::basic_string<char>][m[Kâ€™
[2.163s] [01m[K/home/dcbothra2204/ros2_ws/src/nav_robot/behaviour_tree/bt_nodes.cpp:242:40:[m[K   required from here
[2.163s] [01m[K/opt/ros/humble/include/behaviortree_cpp_v3/bt_factory.h:43:1:[m[K [01;31m[Kerror: [m[Kno type named â€˜[01m[Ktype[m[Kâ€™ in â€˜[01m[Kstruct std::enable_if<false, void>[m[Kâ€™
[2.163s] /opt/ros/humble/include/behaviortree_cpp_v3/bt_factory.h: In instantiation of â€˜[01m[Kvoid BT::BehaviorTreeFactory::registerNodeType(const string&) [with T = GetNextGoal; std::string = std::__cxx11::basic_string<char>][m[Kâ€™:
[2.163s] [01m[K/home/dcbothra2204/ros2_ws/src/nav_robot/behaviour_tree/bt_nodes.cpp:242:40:[m[K   required from here
[2.163s] [01m[K/opt/ros/humble/include/behaviortree_cpp_v3/bt_factory.h:59:1:[m[K [01;36m[Knote: [m[Kcandidate: â€˜[01m[Ktemplate<class T> BT::NodeBuilder BT::CreateBuilder(typename std::enable_if<((! std::is_constructible<T, const std::__cxx11::basic_string<char, std::char_traits<char>, std::allocator<char> >&>::value) && std::is_constructible<T, const std::__cxx11::basic_string<char, std::char_traits<char>, std::allocator<char> >&, const BT::NodeConfiguration&>::value)>::type*)[m[Kâ€™
[2.163s]    59 | [01;36m[KCreateBuilder[m[K(typename std::enable_if<!has_default_constructor<T>::value &&
[2.163s]       | [01;36m[K^~~~~~~~~~~~~[m[K
[2.163s] [01m[K/opt/ros/humble/include/behaviortree_cpp_v3/bt_factory.h:59:1:[m[K [01;36m[Knote: [m[K  template argument deduction/substitution failed:
[2.163s] /opt/ros/humble/include/behaviortree_cpp_v3/bt_factory.h: In substitution of â€˜[01m[Ktemplate<class T> BT::NodeBuilder BT::CreateBuilder(typename std::enable_if<((! std::is_constructible<T, const std::__cxx11::basic_string<char, std::char_traits<char>, std::allocator<char> >&>::value) && std::is_constructible<T, const std::__cxx11::basic_string<char, std::char_traits<char>, std::allocator<char> >&, const BT::NodeConfiguration&>::value)>::type*) [with T = GetNextGoal][m[Kâ€™:
[2.163s] [01m[K/opt/ros/humble/include/behaviortree_cpp_v3/bt_factory.h:418:60:[m[K   required from â€˜[01m[Kvoid BT::BehaviorTreeFactory::registerNodeType(const string&) [with T = GetNextGoal; std::string = std::__cxx11::basic_string<char>][m[Kâ€™
[2.163s] [01m[K/home/dcbothra2204/ros2_ws/src/nav_robot/behaviour_tree/bt_nodes.cpp:242:40:[m[K   required from here
[2.163s] [01m[K/opt/ros/humble/include/behaviortree_cpp_v3/bt_factory.h:59:1:[m[K [01;31m[Kerror: [m[Kno type named â€˜[01m[Ktype[m[Kâ€™ in â€˜[01m[Kstruct std::enable_if<false, void>[m[Kâ€™
[2.163s] /opt/ros/humble/include/behaviortree_cpp_v3/bt_factory.h: In instantiation of â€˜[01m[Kvoid BT::BehaviorTreeFactory::registerNodeType(const string&) [with T = GetNextGoal; std::string = std::__cxx11::basic_string<char>][m[Kâ€™:
[2.163s] [01m[K/home/dcbothra2204/ros2_ws/src/nav_robot/behaviour_tree/bt_nodes.cpp:242:40:[m[K   required from here
[2.163s] [01m[K/opt/ros/humble/include/behaviortree_cpp_v3/bt_factory.h:69:1:[m[K [01;36m[Knote: [m[Kcandidate: â€˜[01m[Ktemplate<class T> BT::NodeBuilder BT::CreateBuilder(typename std::enable_if<(std::is_constructible<T, const std::__cxx11::basic_string<char, std::char_traits<char>, std::allocator<char> >&>::value && (! std::is_constructible<T, const std::__cxx11::basic_string<char, std::char_traits<char>, std::allocator<char> >&, const BT::NodeConfiguration&>::value))>::type*)[m[Kâ€™
[2.163s]    69 | [01;36m[KCreateBuilder[m[K(typename std::enable_if<has_default_constructor<T>::value &&
[2.163s]       | [01;36m[K^~~~~~~~~~~~~[m[K
[2.163s] [01m[K/opt/ros/humble/include/behaviortree_cpp_v3/bt_factory.h:69:1:[m[K [01;36m[Knote: [m[K  template argument deduction/substitution failed:
[2.163s] /opt/ros/humble/include/behaviortree_cpp_v3/bt_factory.h: In substitution of â€˜[01m[Ktemplate<class T> BT::NodeBuilder BT::CreateBuilder(typename std::enable_if<(std::is_constructible<T, const std::__cxx11::basic_string<char, std::char_traits<char>, std::allocator<char> >&>::value && (! std::is_constructible<T, const std::__cxx11::basic_string<char, std::char_traits<char>, std::allocator<char> >&, const BT::NodeConfiguration&>::value))>::type*) [with T = GetNextGoal][m[Kâ€™:
[2.163s] [01m[K/opt/ros/humble/include/behaviortree_cpp_v3/bt_factory.h:418:60:[m[K   required from â€˜[01m[Kvoid BT::BehaviorTreeFactory::registerNodeType(const string&) [with T = GetNextGoal; std::string = std::__cxx11::basic_string<char>][m[Kâ€™
[2.163s] [01m[K/home/dcbothra2204/ros2_ws/src/nav_robot/behaviour_tree/bt_nodes.cpp:242:40:[m[K   required from here
[2.163s] [01m[K/opt/ros/humble/include/behaviortree_cpp_v3/bt_factory.h:69:1:[m[K [01;31m[Kerror: [m[Kno type named â€˜[01m[Ktype[m[Kâ€™ in â€˜[01m[Kstruct std::enable_if<false, void>[m[Kâ€™
[2.164s] In file included from [01m[K/home/dcbothra2204/ros2_ws/src/nav_robot/behaviour_tree/bt_nodes.cpp:1[m[K:
[2.164s] /opt/ros/humble/include/behaviortree_cpp_v3/bt_factory.h: In instantiation of â€˜[01m[Kvoid BT::BehaviorTreeFactory::registerNodeType(const string&) [with T = ResumeLastTask; std::string = std::__cxx11::basic_string<char>][m[Kâ€™:
[2.164s] [01m[K/home/dcbothra2204/ros2_ws/src/nav_robot/behaviour_tree/bt_nodes.cpp:246:43:[m[K   required from here
[2.164s] [01m[K/opt/ros/humble/include/behaviortree_cpp_v3/bt_factory.h:374:19:[m[K [01;31m[Kerror: [m[Kstatic assertion failed: [registerNode]: Some methods are pure virtual. Did you override the methods tick() and halt()?
[2.164s]   374 |     static_assert([01;31m[K!std::is_abstract<T>::value[m[K, "[registerNode]: Some methods are pure "
[2.164s]       |                   [01;31m[K^~~~~~~~~~~~~~~~~~~~~~~~~~~[m[K
[2.164s] [01m[K/opt/ros/humble/include/behaviortree_cpp_v3/bt_factory.h:374:19:[m[K [01;36m[Knote: [m[Kâ€˜[01m[K!(bool)std::integral_constant<bool, true>::value[m[Kâ€™ evaluates to false
[2.164s] [01m[K/opt/ros/humble/include/behaviortree_cpp_v3/bt_factory.h:385:41:[m[K [01;31m[Kerror: [m[Kstatic assertion failed: [registerNode]: the registered class must have at least one of these two constructors:   (const std::string&, const NodeConfiguration&) or (const std::string&).
[2.164s] Check also if the constructor is public!
[2.164s]   385 |     static_assert([01;31m[Kdefault_constructable || param_constructable[m[K, "[registerNode]: the "
[2.164s]       |                   [01;31m[K~~~~~~~~~~~~~~~~~~~~~~^~~~~~~~~~~~~~~~~~~~~~[m[K
[2.164s] [01m[K/opt/ros/humble/include/behaviortree_cpp_v3/bt_factory.h:385:41:[m[K [01;36m[Knote: [m[Kâ€˜[01m[K(((bool)default_constructable) || ((bool)param_constructable))[m[Kâ€™ evaluates to false
[2.165s] [01m[K/opt/ros/humble/include/behaviortree_cpp_v3/bt_factory.h:407:19:[m[K [01;31m[Kerror: [m[Kstatic assertion failed: [registerNode]: since you have a static method providedPorts(), you MUST add a constructor sign signature (const std::string&, const NodeParameters&)
[2.165s] 
[2.165s]   407 |     static_assert([01;31m[K!(has_static_ports_list && !param_constructable)[m[K, "[registerNode]: "
[2.165s]       |                   [01;31m[K^~~~~~~~~~~~~~~~~~~~~~~~~~~~~~~~~~~~~~~~~~~~~~~~[m[K
[2.165s] [01m[K/opt/ros/humble/include/behaviortree_cpp_v3/bt_factory.h:407:19:[m[K [01;36m[Knote: [m[Kâ€˜[01m[K((!(bool)has_static_ports_list) || ((bool)param_constructable))[m[Kâ€™ evaluates to false
[2.165s] [01m[K/opt/ros/humble/include/behaviortree_cpp_v3/bt_factory.h:418:60:[m[K [01;31m[Kerror: [m[Kno matching function for call to â€˜[01m[KCreateBuilder<ResumeLastTask>()[m[Kâ€™
[2.165s]   418 |     registerBuilder(CreateManifest<T>(ID), [01;31m[KCreateBuilder<T>()[m[K);
[2.165s]       |                                            [01;31m[K~~~~~~~~~~~~~~~~^~[m[K
[2.165s] In file included from [01m[K/home/dcbothra2204/ros2_ws/src/nav_robot/behaviour_tree/bt_nodes.cpp:1[m[K:
[2.165s] [01m[K/opt/ros/humble/include/behaviortree_cpp_v3/bt_factory.h:43:1:[m[K [01;36m[Knote: [m[Kcandidate: â€˜[01m[Ktemplate<class T> BT::NodeBuilder BT::CreateBuilder(typename std::enable_if<(std::is_constructible<T, const std::__cxx11::basic_string<char, std::char_traits<char>, std::allocator<char> >&>::value && std::is_constructible<T, const std::__cxx11::basic_string<char, std::char_traits<char>, std::allocator<char> >&, const BT::NodeConfiguration&>::value)>::type*)[m[Kâ€™
[2.165s]    43 | [01;36m[KCreateBuilder[m[K(typename std::enable_if<has_default_constructor<T>::value &&
[2.165s]       | [01;36m[K^~~~~~~~~~~~~[m[K
[2.165s] [01m[K/opt/ros/humble/include/behaviortree_cpp_v3/bt_factory.h:43:1:[m[K [01;36m[Knote: [m[K  template argument deduction/substitution failed:
[2.165s] /opt/ros/humble/include/behaviortree_cpp_v3/bt_factory.h: In substitution of â€˜[01m[Ktemplate<class T> BT::NodeBuilder BT::CreateBuilder(typename std::enable_if<(std::is_constructible<T, const std::__cxx11::basic_string<char, std::char_traits<char>, std::allocator<char> >&>::value && std::is_constructible<T, const std::__cxx11::basic_string<char, std::char_traits<char>, std::allocator<char> >&, const BT::NodeConfiguration&>::value)>::type*) [with T = ResumeLastTask][m[Kâ€™:
[2.165s] [01m[K/opt/ros/humble/include/behaviortree_cpp_v3/bt_factory.h:418:60:[m[K   required from â€˜[01m[Kvoid BT::BehaviorTreeFactory::registerNodeType(const string&) [with T = ResumeLastTask; std::string = std::__cxx11::basic_string<char>][m[Kâ€™
[2.165s] [01m[K/home/dcbothra2204/ros2_ws/src/nav_robot/behaviour_tree/bt_nodes.cpp:246:43:[m[K   required from here
[2.165s] [01m[K/opt/ros/humble/include/behaviortree_cpp_v3/bt_factory.h:43:1:[m[K [01;31m[Kerror: [m[Kno type named â€˜[01m[Ktype[m[Kâ€™ in â€˜[01m[Kstruct std::enable_if<false, void>[m[Kâ€™
[2.165s] /opt/ros/humble/include/behaviortree_cpp_v3/bt_factory.h: In instantiation of â€˜[01m[Kvoid BT::BehaviorTreeFactory::registerNodeType(const string&) [with T = ResumeLastTask; std::string = std::__cxx11::basic_string<char>][m[Kâ€™:
[2.165s] [01m[K/home/dcbothra2204/ros2_ws/src/nav_robot/behaviour_tree/bt_nodes.cpp:246:43:[m[K   required from here
[2.165s] [01m[K/opt/ros/humble/include/behaviortree_cpp_v3/bt_factory.h:59:1:[m[K [01;36m[Knote: [m[Kcandidate: â€˜[01m[Ktemplate<class T> BT::NodeBuilder BT::CreateBuilder(typename std::enable_if<((! std::is_constructible<T, const std::__cxx11::basic_string<char, std::char_traits<char>, std::allocator<char> >&>::value) && std::is_constructible<T, const std::__cxx11::basic_string<char, std::char_traits<char>, std::allocator<char> >&, const BT::NodeConfiguration&>::value)>::type*)[m[Kâ€™
[2.165s]    59 | [01;36m[KCreateBuilder[m[K(typename std::enable_if<!has_default_constructor<T>::value &&
[2.165s]       | [01;36m[K^~~~~~~~~~~~~[m[K
[2.166s] [01m[K/opt/ros/humble/include/behaviortree_cpp_v3/bt_factory.h:59:1:[m[K [01;36m[Knote: [m[K  template argument deduction/substitution failed:
[2.166s] /opt/ros/humble/include/behaviortree_cpp_v3/bt_factory.h: In substitution of â€˜[01m[Ktemplate<class T> BT::NodeBuilder BT::CreateBuilder(typename std::enable_if<((! std::is_constructible<T, const std::__cxx11::basic_string<char, std::char_traits<char>, std::allocator<char> >&>::value) && std::is_constructible<T, const std::__cxx11::basic_string<char, std::char_traits<char>, std::allocator<char> >&, const BT::NodeConfiguration&>::value)>::type*) [with T = ResumeLastTask][m[Kâ€™:
[2.166s] [01m[K/opt/ros/humble/include/behaviortree_cpp_v3/bt_factory.h:418:60:[m[K   required from â€˜[01m[Kvoid BT::BehaviorTreeFactory::registerNodeType(const string&) [with T = ResumeLastTask; std::string = std::__cxx11::basic_string<char>][m[Kâ€™
[2.166s] [01m[K/home/dcbothra2204/ros2_ws/src/nav_robot/behaviour_tree/bt_nodes.cpp:246:43:[m[K   required from here
[2.166s] [01m[K/opt/ros/humble/include/behaviortree_cpp_v3/bt_factory.h:59:1:[m[K [01;31m[Kerror: [m[Kno type named â€˜[01m[Ktype[m[Kâ€™ in â€˜[01m[Kstruct std::enable_if<false, void>[m[Kâ€™
[2.166s] /opt/ros/humble/include/behaviortree_cpp_v3/bt_factory.h: In instantiation of â€˜[01m[Kvoid BT::BehaviorTreeFactory::registerNodeType(const string&) [with T = ResumeLastTask; std::string = std::__cxx11::basic_string<char>][m[Kâ€™:
[2.166s] [01m[K/home/dcbothra2204/ros2_ws/src/nav_robot/behaviour_tree/bt_nodes.cpp:246:43:[m[K   required from here
[2.166s] [01m[K/opt/ros/humble/include/behaviortree_cpp_v3/bt_factory.h:69:1:[m[K [01;36m[Knote: [m[Kcandidate: â€˜[01m[Ktemplate<class T> BT::NodeBuilder BT::CreateBuilder(typename std::enable_if<(std::is_constructible<T, const std::__cxx11::basic_string<char, std::char_traits<char>, std::allocator<char> >&>::value && (! std::is_constructible<T, const std::__cxx11::basic_string<char, std::char_traits<char>, std::allocator<char> >&, const BT::NodeConfiguration&>::value))>::type*)[m[Kâ€™
[2.166s]    69 | [01;36m[KCreateBuilder[m[K(typename std::enable_if<has_default_constructor<T>::value &&
[2.166s]       | [01;36m[K^~~~~~~~~~~~~[m[K
[2.166s] [01m[K/opt/ros/humble/include/behaviortree_cpp_v3/bt_factory.h:69:1:[m[K [01;36m[Knote: [m[K  template argument deduction/substitution failed:
[2.166s] /opt/ros/humble/include/behaviortree_cpp_v3/bt_factory.h: In substitution of â€˜[01m[Ktemplate<class T> BT::NodeBuilder BT::CreateBuilder(typename std::enable_if<(std::is_constructible<T, const std::__cxx11::basic_string<char, std::char_traits<char>, std::allocator<char> >&>::value && (! std::is_constructible<T, const std::__cxx11::basic_string<char, std::char_traits<char>, std::allocator<char> >&, const BT::NodeConfiguration&>::value))>::type*) [with T = ResumeLastTask][m[Kâ€™:
[2.166s] [01m[K/opt/ros/humble/include/behaviortree_cpp_v3/bt_factory.h:418:60:[m[K   required from â€˜[01m[Kvoid BT::BehaviorTreeFactory::registerNodeType(const string&) [with T = ResumeLastTask; std::string = std::__cxx11::basic_string<char>][m[Kâ€™
[2.166s] [01m[K/home/dcbothra2204/ros2_ws/src/nav_robot/behaviour_tree/bt_nodes.cpp:246:43:[m[K   required from here
[2.166s] [01m[K/opt/ros/humble/include/behaviortree_cpp_v3/bt_factory.h:69:1:[m[K [01;31m[Kerror: [m[Kno type named â€˜[01m[Ktype[m[Kâ€™ in â€˜[01m[Kstruct std::enable_if<false, void>[m[Kâ€™
[4.091s] gmake[2]: *** [CMakeFiles/bt_plugin_node.dir/build.make:76: CMakeFiles/bt_plugin_node.dir/behaviour_tree/bt_nodes.cpp.o] Error 1
[4.091s] gmake[1]: *** [CMakeFiles/Makefile2:165: CMakeFiles/bt_plugin_node.dir/all] Error 2
[4.091s] gmake: *** [Makefile:146: all] Error 2
[4.093s] Invoked command in '/home/dcbothra2204/ros2_ws/build/nav_robot' returned '2': CMAKE_PREFIX_PATH=${CMAKE_PREFIX_PATH}:/opt/ros/humble /usr/bin/cmake --build /home/dcbothra2204/ros2_ws/build/nav_robot -- -j8 -l8
